  소스.cpp
D:\CTS\WeMadeIt\컴그\컴그\소스.cpp(20,42): warning C4311: '형식 캐스트': 'void *'에서 'int'(으)로 포인터가 잘립니다.
D:\CTS\WeMadeIt\컴그\컴그\소스.cpp(20,42): warning C4302: '형식 캐스트': 'void *'에서 'int'(으)로 잘립니다.
D:\CTS\WeMadeIt\컴그\컴그\소스.cpp(136,32): warning C4305: '인수': 'double'에서 'GLfloat'(으)로 잘립니다.
D:\CTS\WeMadeIt\컴그\컴그\소스.cpp(146,30): warning C4244: '인수': 'int'에서 'GLfloat'(으)로 변환하면서 데이터가 손실될 수 있습니다.
D:\CTS\WeMadeIt\컴그\컴그\소스.cpp(147,30): warning C4244: '인수': 'int'에서 'GLfloat'(으)로 변환하면서 데이터가 손실될 수 있습니다.
D:\CTS\WeMadeIt\컴그\컴그\소스.cpp(150,35): warning C4244: '인수': 'int'에서 'GLfloat'(으)로 변환하면서 데이터가 손실될 수 있습니다.
D:\CTS\WeMadeIt\컴그\컴그\소스.cpp(151,34): warning C4244: '인수': 'int'에서 'GLfloat'(으)로 변환하면서 데이터가 손실될 수 있습니다.
D:\CTS\WeMadeIt\컴그\컴그\소스.cpp(163,23): warning C4244: '인수': 'double'에서 'GLfloat'(으)로 변환하면서 데이터가 손실될 수 있습니다.
D:\CTS\WeMadeIt\컴그\컴그\소스.cpp(163,20): warning C4244: '인수': 'double'에서 'GLfloat'(으)로 변환하면서 데이터가 손실될 수 있습니다.
D:\CTS\WeMadeIt\컴그\컴그\소스.cpp(164,23): warning C4244: '인수': 'double'에서 'GLfloat'(으)로 변환하면서 데이터가 손실될 수 있습니다.
D:\CTS\WeMadeIt\컴그\컴그\소스.cpp(164,20): warning C4244: '인수': 'double'에서 'GLfloat'(으)로 변환하면서 데이터가 손실될 수 있습니다.
D:\CTS\WeMadeIt\컴그\컴그\소스.cpp(165,24): warning C4244: '인수': 'double'에서 'GLfloat'(으)로 변환하면서 데이터가 손실될 수 있습니다.
D:\CTS\WeMadeIt\컴그\컴그\소스.cpp(165,20): warning C4244: '인수': 'double'에서 'GLfloat'(으)로 변환하면서 데이터가 손실될 수 있습니다.
D:\CTS\WeMadeIt\컴그\컴그\소스.cpp(166,24): warning C4244: '인수': 'double'에서 'GLfloat'(으)로 변환하면서 데이터가 손실될 수 있습니다.
D:\CTS\WeMadeIt\컴그\컴그\소스.cpp(166,20): warning C4244: '인수': 'double'에서 'GLfloat'(으)로 변환하면서 데이터가 손실될 수 있습니다.
D:\CTS\WeMadeIt\컴그\컴그\소스.cpp(200,72): warning C4244: '인수': 'double'에서 'GLfloat'(으)로 변환하면서 데이터가 손실될 수 있습니다.
D:\CTS\WeMadeIt\컴그\컴그\소스.cpp(200,56): warning C4244: '인수': 'double'에서 'GLfloat'(으)로 변환하면서 데이터가 손실될 수 있습니다.
D:\CTS\WeMadeIt\컴그\컴그\소스.cpp(200,40): warning C4244: '인수': 'double'에서 'GLfloat'(으)로 변환하면서 데이터가 손실될 수 있습니다.
D:\CTS\WeMadeIt\컴그\컴그\소스.cpp(201,84): warning C4244: '인수': 'double'에서 'GLfloat'(으)로 변환하면서 데이터가 손실될 수 있습니다.
D:\CTS\WeMadeIt\컴그\컴그\소스.cpp(201,64): warning C4244: '인수': 'double'에서 'GLfloat'(으)로 변환하면서 데이터가 손실될 수 있습니다.
D:\CTS\WeMadeIt\컴그\컴그\소스.cpp(201,44): warning C4244: '인수': 'double'에서 'GLfloat'(으)로 변환하면서 데이터가 손실될 수 있습니다.
D:\CTS\WeMadeIt\컴그\컴그\소스.cpp(202,96): warning C4244: '인수': 'double'에서 'GLfloat'(으)로 변환하면서 데이터가 손실될 수 있습니다.
D:\CTS\WeMadeIt\컴그\컴그\소스.cpp(202,72): warning C4244: '인수': 'double'에서 'GLfloat'(으)로 변환하면서 데이터가 손실될 수 있습니다.
D:\CTS\WeMadeIt\컴그\컴그\소스.cpp(202,48): warning C4244: '인수': 'double'에서 'GLfloat'(으)로 변환하면서 데이터가 손실될 수 있습니다.
D:\CTS\WeMadeIt\컴그\컴그\소스.cpp(203,84): warning C4244: '인수': 'double'에서 'GLfloat'(으)로 변환하면서 데이터가 손실될 수 있습니다.
D:\CTS\WeMadeIt\컴그\컴그\소스.cpp(203,64): warning C4244: '인수': 'double'에서 'GLfloat'(으)로 변환하면서 데이터가 손실될 수 있습니다.
D:\CTS\WeMadeIt\컴그\컴그\소스.cpp(203,44): warning C4244: '인수': 'double'에서 'GLfloat'(으)로 변환하면서 데이터가 손실될 수 있습니다.
D:\CTS\WeMadeIt\컴그\컴그\소스.cpp(205,60): warning C4244: '인수': 'double'에서 'GLfloat'(으)로 변환하면서 데이터가 손실될 수 있습니다.
D:\CTS\WeMadeIt\컴그\컴그\소스.cpp(205,56): warning C4244: '인수': 'double'에서 'GLfloat'(으)로 변환하면서 데이터가 손실될 수 있습니다.
D:\CTS\WeMadeIt\컴그\컴그\소스.cpp(205,40): warning C4244: '인수': 'double'에서 'GLfloat'(으)로 변환하면서 데이터가 손실될 수 있습니다.
D:\CTS\WeMadeIt\컴그\컴그\소스.cpp(206,68): warning C4244: '인수': 'double'에서 'GLfloat'(으)로 변환하면서 데이터가 손실될 수 있습니다.
D:\CTS\WeMadeIt\컴그\컴그\소스.cpp(206,64): warning C4244: '인수': 'double'에서 'GLfloat'(으)로 변환하면서 데이터가 손실될 수 있습니다.
D:\CTS\WeMadeIt\컴그\컴그\소스.cpp(206,44): warning C4244: '인수': 'double'에서 'GLfloat'(으)로 변환하면서 데이터가 손실될 수 있습니다.
D:\CTS\WeMadeIt\컴그\컴그\소스.cpp(207,76): warning C4244: '인수': 'double'에서 'GLfloat'(으)로 변환하면서 데이터가 손실될 수 있습니다.
D:\CTS\WeMadeIt\컴그\컴그\소스.cpp(207,72): warning C4244: '인수': 'double'에서 'GLfloat'(으)로 변환하면서 데이터가 손실될 수 있습니다.
D:\CTS\WeMadeIt\컴그\컴그\소스.cpp(207,48): warning C4244: '인수': 'double'에서 'GLfloat'(으)로 변환하면서 데이터가 손실될 수 있습니다.
D:\CTS\WeMadeIt\컴그\컴그\소스.cpp(208,68): warning C4244: '인수': 'double'에서 'GLfloat'(으)로 변환하면서 데이터가 손실될 수 있습니다.
D:\CTS\WeMadeIt\컴그\컴그\소스.cpp(208,64): warning C4244: '인수': 'double'에서 'GLfloat'(으)로 변환하면서 데이터가 손실될 수 있습니다.
D:\CTS\WeMadeIt\컴그\컴그\소스.cpp(208,44): warning C4244: '인수': 'double'에서 'GLfloat'(으)로 변환하면서 데이터가 손실될 수 있습니다.
D:\CTS\WeMadeIt\컴그\컴그\소스.cpp(220,51): warning C4244: '인수': 'double'에서 'GLsizei'(으)로 변환하면서 데이터가 손실될 수 있습니다.
D:\CTS\WeMadeIt\컴그\컴그\소스.cpp(220,44): warning C4244: '인수': 'double'에서 'GLsizei'(으)로 변환하면서 데이터가 손실될 수 있습니다.
D:\CTS\WeMadeIt\컴그\컴그\소스.cpp(253,28): warning C4244: '인수': 'double'에서 'GLfloat'(으)로 변환하면서 데이터가 손실될 수 있습니다.
D:\CTS\WeMadeIt\컴그\컴그\소스.cpp(253,24): warning C4244: '인수': 'double'에서 'GLfloat'(으)로 변환하면서 데이터가 손실될 수 있습니다.
D:\CTS\WeMadeIt\컴그\컴그\소스.cpp(255,28): warning C4244: '인수': 'double'에서 'GLfloat'(으)로 변환하면서 데이터가 손실될 수 있습니다.
D:\CTS\WeMadeIt\컴그\컴그\소스.cpp(255,24): warning C4244: '인수': 'double'에서 'GLfloat'(으)로 변환하면서 데이터가 손실될 수 있습니다.
D:\CTS\WeMadeIt\컴그\컴그\소스.cpp(257,32): warning C4244: '인수': 'double'에서 'GLfloat'(으)로 변환하면서 데이터가 손실될 수 있습니다.
D:\CTS\WeMadeIt\컴그\컴그\소스.cpp(257,28): warning C4244: '인수': 'double'에서 'GLfloat'(으)로 변환하면서 데이터가 손실될 수 있습니다.
D:\CTS\WeMadeIt\컴그\컴그\소스.cpp(257,24): warning C4244: '인수': 'double'에서 'GLfloat'(으)로 변환하면서 데이터가 손실될 수 있습니다.
D:\CTS\WeMadeIt\컴그\컴그\소스.cpp(259,32): warning C4244: '인수': 'double'에서 'GLfloat'(으)로 변환하면서 데이터가 손실될 수 있습니다.
D:\CTS\WeMadeIt\컴그\컴그\소스.cpp(259,28): warning C4244: '인수': 'double'에서 'GLfloat'(으)로 변환하면서 데이터가 손실될 수 있습니다.
D:\CTS\WeMadeIt\컴그\컴그\소스.cpp(259,24): warning C4244: '인수': 'double'에서 'GLfloat'(으)로 변환하면서 데이터가 손실될 수 있습니다.
D:\CTS\WeMadeIt\컴그\컴그\소스.cpp(271,28): warning C4244: '인수': 'double'에서 'GLfloat'(으)로 변환하면서 데이터가 손실될 수 있습니다.
D:\CTS\WeMadeIt\컴그\컴그\소스.cpp(271,24): warning C4244: '인수': 'double'에서 'GLfloat'(으)로 변환하면서 데이터가 손실될 수 있습니다.
D:\CTS\WeMadeIt\컴그\컴그\소스.cpp(273,28): warning C4244: '인수': 'double'에서 'GLfloat'(으)로 변환하면서 데이터가 손실될 수 있습니다.
D:\CTS\WeMadeIt\컴그\컴그\소스.cpp(273,24): warning C4244: '인수': 'double'에서 'GLfloat'(으)로 변환하면서 데이터가 손실될 수 있습니다.
D:\CTS\WeMadeIt\컴그\컴그\소스.cpp(275,32): warning C4244: '인수': 'double'에서 'GLfloat'(으)로 변환하면서 데이터가 손실될 수 있습니다.
D:\CTS\WeMadeIt\컴그\컴그\소스.cpp(275,28): warning C4244: '인수': 'double'에서 'GLfloat'(으)로 변환하면서 데이터가 손실될 수 있습니다.
D:\CTS\WeMadeIt\컴그\컴그\소스.cpp(275,24): warning C4244: '인수': 'double'에서 'GLfloat'(으)로 변환하면서 데이터가 손실될 수 있습니다.
D:\CTS\WeMadeIt\컴그\컴그\소스.cpp(277,32): warning C4244: '인수': 'double'에서 'GLfloat'(으)로 변환하면서 데이터가 손실될 수 있습니다.
D:\CTS\WeMadeIt\컴그\컴그\소스.cpp(277,28): warning C4244: '인수': 'double'에서 'GLfloat'(으)로 변환하면서 데이터가 손실될 수 있습니다.
D:\CTS\WeMadeIt\컴그\컴그\소스.cpp(277,24): warning C4244: '인수': 'double'에서 'GLfloat'(으)로 변환하면서 데이터가 손실될 수 있습니다.
D:\CTS\WeMadeIt\컴그\컴그\소스.cpp(287,28): warning C4244: '인수': 'double'에서 'GLfloat'(으)로 변환하면서 데이터가 손실될 수 있습니다.
D:\CTS\WeMadeIt\컴그\컴그\소스.cpp(290,28): warning C4244: '인수': 'double'에서 'GLfloat'(으)로 변환하면서 데이터가 손실될 수 있습니다.
D:\CTS\WeMadeIt\컴그\컴그\소스.cpp(290,24): warning C4244: '인수': 'double'에서 'GLfloat'(으)로 변환하면서 데이터가 손실될 수 있습니다.
D:\CTS\WeMadeIt\컴그\컴그\소스.cpp(291,28): warning C4244: '인수': 'double'에서 'GLfloat'(으)로 변환하면서 데이터가 손실될 수 있습니다.
D:\CTS\WeMadeIt\컴그\컴그\소스.cpp(291,24): warning C4244: '인수': 'double'에서 'GLfloat'(으)로 변환하면서 데이터가 손실될 수 있습니다.
D:\CTS\WeMadeIt\컴그\컴그\소스.cpp(292,28): warning C4244: '인수': 'double'에서 'GLfloat'(으)로 변환하면서 데이터가 손실될 수 있습니다.
D:\CTS\WeMadeIt\컴그\컴그\소스.cpp(292,24): warning C4244: '인수': 'double'에서 'GLfloat'(으)로 변환하면서 데이터가 손실될 수 있습니다.
D:\CTS\WeMadeIt\컴그\컴그\소스.cpp(293,28): warning C4244: '인수': 'double'에서 'GLfloat'(으)로 변환하면서 데이터가 손실될 수 있습니다.
D:\CTS\WeMadeIt\컴그\컴그\소스.cpp(293,24): warning C4244: '인수': 'double'에서 'GLfloat'(으)로 변환하면서 데이터가 손실될 수 있습니다.
D:\CTS\WeMadeIt\컴그\컴그\소스.cpp(305,28): warning C4244: '인수': 'double'에서 'GLfloat'(으)로 변환하면서 데이터가 손실될 수 있습니다.
D:\CTS\WeMadeIt\컴그\컴그\소스.cpp(305,24): warning C4244: '인수': 'double'에서 'GLfloat'(으)로 변환하면서 데이터가 손실될 수 있습니다.
D:\CTS\WeMadeIt\컴그\컴그\소스.cpp(306,28): warning C4244: '인수': 'double'에서 'GLfloat'(으)로 변환하면서 데이터가 손실될 수 있습니다.
D:\CTS\WeMadeIt\컴그\컴그\소스.cpp(306,24): warning C4244: '인수': 'double'에서 'GLfloat'(으)로 변환하면서 데이터가 손실될 수 있습니다.
D:\CTS\WeMadeIt\컴그\컴그\소스.cpp(307,28): warning C4244: '인수': 'double'에서 'GLfloat'(으)로 변환하면서 데이터가 손실될 수 있습니다.
D:\CTS\WeMadeIt\컴그\컴그\소스.cpp(307,24): warning C4244: '인수': 'double'에서 'GLfloat'(으)로 변환하면서 데이터가 손실될 수 있습니다.
D:\CTS\WeMadeIt\컴그\컴그\소스.cpp(308,28): warning C4244: '인수': 'double'에서 'GLfloat'(으)로 변환하면서 데이터가 손실될 수 있습니다.
D:\CTS\WeMadeIt\컴그\컴그\소스.cpp(308,24): warning C4244: '인수': 'double'에서 'GLfloat'(으)로 변환하면서 데이터가 손실될 수 있습니다.
D:\CTS\WeMadeIt\컴그\컴그\소스.cpp(319,28): warning C4244: '인수': 'double'에서 'GLfloat'(으)로 변환하면서 데이터가 손실될 수 있습니다.
D:\CTS\WeMadeIt\컴그\컴그\소스.cpp(319,24): warning C4244: '인수': 'double'에서 'GLfloat'(으)로 변환하면서 데이터가 손실될 수 있습니다.
D:\CTS\WeMadeIt\컴그\컴그\소스.cpp(320,32): warning C4244: '인수': 'double'에서 'GLfloat'(으)로 변환하면서 데이터가 손실될 수 있습니다.
D:\CTS\WeMadeIt\컴그\컴그\소스.cpp(320,28): warning C4244: '인수': 'double'에서 'GLfloat'(으)로 변환하면서 데이터가 손실될 수 있습니다.
D:\CTS\WeMadeIt\컴그\컴그\소스.cpp(320,24): warning C4244: '인수': 'double'에서 'GLfloat'(으)로 변환하면서 데이터가 손실될 수 있습니다.
D:\CTS\WeMadeIt\컴그\컴그\소스.cpp(321,32): warning C4244: '인수': 'double'에서 'GLfloat'(으)로 변환하면서 데이터가 손실될 수 있습니다.
D:\CTS\WeMadeIt\컴그\컴그\소스.cpp(321,28): warning C4244: '인수': 'double'에서 'GLfloat'(으)로 변환하면서 데이터가 손실될 수 있습니다.
D:\CTS\WeMadeIt\컴그\컴그\소스.cpp(321,24): warning C4244: '인수': 'double'에서 'GLfloat'(으)로 변환하면서 데이터가 손실될 수 있습니다.
D:\CTS\WeMadeIt\컴그\컴그\소스.cpp(322,28): warning C4244: '인수': 'double'에서 'GLfloat'(으)로 변환하면서 데이터가 손실될 수 있습니다.
D:\CTS\WeMadeIt\컴그\컴그\소스.cpp(322,24): warning C4244: '인수': 'double'에서 'GLfloat'(으)로 변환하면서 데이터가 손실될 수 있습니다.
D:\CTS\WeMadeIt\컴그\컴그\소스.cpp(333,28): warning C4244: '인수': 'double'에서 'GLfloat'(으)로 변환하면서 데이터가 손실될 수 있습니다.
D:\CTS\WeMadeIt\컴그\컴그\소스.cpp(333,24): warning C4244: '인수': 'double'에서 'GLfloat'(으)로 변환하면서 데이터가 손실될 수 있습니다.
D:\CTS\WeMadeIt\컴그\컴그\소스.cpp(334,32): warning C4244: '인수': 'double'에서 'GLfloat'(으)로 변환하면서 데이터가 손실될 수 있습니다.
D:\CTS\WeMadeIt\컴그\컴그\소스.cpp(334,28): warning C4244: '인수': 'double'에서 'GLfloat'(으)로 변환하면서 데이터가 손실될 수 있습니다.
D:\CTS\WeMadeIt\컴그\컴그\소스.cpp(334,24): warning C4244: '인수': 'double'에서 'GLfloat'(으)로 변환하면서 데이터가 손실될 수 있습니다.
D:\CTS\WeMadeIt\컴그\컴그\소스.cpp(335,32): warning C4244: '인수': 'double'에서 'GLfloat'(으)로 변환하면서 데이터가 손실될 수 있습니다.
D:\CTS\WeMadeIt\컴그\컴그\소스.cpp(335,28): warning C4244: '인수': 'double'에서 'GLfloat'(으)로 변환하면서 데이터가 손실될 수 있습니다.
D:\CTS\WeMadeIt\컴그\컴그\소스.cpp(335,24): warning C4244: '인수': 'double'에서 'GLfloat'(으)로 변환하면서 데이터가 손실될 수 있습니다.
D:\CTS\WeMadeIt\컴그\컴그\소스.cpp(336,28): warning C4244: '인수': 'double'에서 'GLfloat'(으)로 변환하면서 데이터가 손실될 수 있습니다.
D:\CTS\WeMadeIt\컴그\컴그\소스.cpp(336,24): warning C4244: '인수': 'double'에서 'GLfloat'(으)로 변환하면서 데이터가 손실될 수 있습니다.
D:\CTS\WeMadeIt\컴그\컴그\소스.cpp(372,24): warning C4305: '인수': 'double'에서 'GLfloat'(으)로 잘립니다.
D:\CTS\WeMadeIt\컴그\컴그\소스.cpp(484,22): warning C4244: '인수': 'int'에서 'GLfloat'(으)로 변환하면서 데이터가 손실될 수 있습니다.
D:\CTS\WeMadeIt\컴그\컴그\소스.cpp(484,19): warning C4244: '인수': 'int'에서 'GLfloat'(으)로 변환하면서 데이터가 손실될 수 있습니다.
D:\CTS\WeMadeIt\컴그\컴그\소스.cpp(526,35): warning C4305: '인수': 'double'에서 'GLfloat'(으)로 잘립니다.
D:\CTS\WeMadeIt\컴그\컴그\소스.cpp(565,29): warning C4305: '+=': 'double'에서 'float'(으)로 잘립니다.
D:\CTS\WeMadeIt\컴그\컴그\소스.cpp(571,29): warning C4305: '-=': 'double'에서 'float'(으)로 잘립니다.
D:\CTS\WeMadeIt\컴그\컴그\소스.cpp(585,29): warning C4305: '+=': 'double'에서 'float'(으)로 잘립니다.
D:\CTS\WeMadeIt\컴그\컴그\소스.cpp(591,29): warning C4305: '-=': 'double'에서 'float'(으)로 잘립니다.
D:\CTS\WeMadeIt\컴그\컴그\소스.cpp(605,29): warning C4305: '+=': 'double'에서 'float'(으)로 잘립니다.
D:\CTS\WeMadeIt\컴그\컴그\소스.cpp(611,29): warning C4305: '-=': 'double'에서 'float'(으)로 잘립니다.
D:\CTS\WeMadeIt\컴그\컴그\소스.cpp(625,36): warning C4305: '+=': 'double'에서 'float'(으)로 잘립니다.
D:\CTS\WeMadeIt\컴그\컴그\소스.cpp(631,36): warning C4305: '-=': 'double'에서 'float'(으)로 잘립니다.
D:\CTS\WeMadeIt\컴그\컴그\소스.cpp(648,37): warning C4305: '+=': 'double'에서 'float'(으)로 잘립니다.
D:\CTS\WeMadeIt\컴그\컴그\소스.cpp(654,37): warning C4305: '-=': 'double'에서 'float'(으)로 잘립니다.
D:\CTS\WeMadeIt\컴그\컴그\소스.cpp(671,37): warning C4305: '+=': 'double'에서 'float'(으)로 잘립니다.
D:\CTS\WeMadeIt\컴그\컴그\소스.cpp(677,37): warning C4305: '-=': 'double'에서 'float'(으)로 잘립니다.
D:\CTS\WeMadeIt\컴그\컴그\소스.cpp(694,37): warning C4305: '+=': 'double'에서 'float'(으)로 잘립니다.
D:\CTS\WeMadeIt\컴그\컴그\소스.cpp(700,37): warning C4305: '-=': 'double'에서 'float'(으)로 잘립니다.
D:\CTS\WeMadeIt\컴그\컴그\소스.cpp(717,37): warning C4305: '+=': 'double'에서 'float'(으)로 잘립니다.
D:\CTS\WeMadeIt\컴그\컴그\소스.cpp(723,37): warning C4305: '-=': 'double'에서 'float'(으)로 잘립니다.
D:\CTS\WeMadeIt\컴그\컴그\소스.cpp(757,68): warning C4312: '형식 캐스트': 'const int'에서 더 큰 'void *'(으)로의 변환입니다.
D:\CTS\WeMadeIt\컴그\컴그\소스.cpp(768,61): warning C4312: '형식 캐스트': 'const int'에서 더 큰 'void *'(으)로의 변환입니다.
  컴그.vcxproj -> D:\CTS\WeMadeIt\컴그\x64\Debug\컴그.exe
